<?xml version="1.0" encoding="UTF-8"?>
<!-- Generated by org.testng.reporters.JUnitReportReporter -->
<testsuite hostname="IN-PG02NM6E" failures="0" tests="2" name="tst.basic" time="15.035" errors="0" timestamp="2023-07-13T09:59:03 IST" skipped="0">
  <testcase classname="tst.basic" name="Test3" time="0.016"/>
  <system-out/>
  <testcase classname="tst.basic" name="Test1" time="15.019"/>
  <system-out/>
</testsuite> <!-- tst.basic -->
