<?xml version="1.0" encoding="UTF-8"?>
<!-- Generated by org.testng.reporters.JUnitReportReporter -->
<testsuite hostname="IN-PG02NM6E" failures="0" tests="2" name="tst.basic" time="19.234" errors="0" timestamp="2023-07-20T14:21:25 IST" skipped="0">
  <testcase classname="tst.basic" name="Test3" time="0.018"/>
  <system-out/>
  <testcase classname="tst.basic" name="Test1" time="19.216"/>
  <system-out/>
</testsuite> <!-- tst.basic -->
